# JRE version: OpenJDK Runtime Environment (8.0_152-b01) (build 1.8.0_152-release-1248-b01)
# Java VM: OpenJDK 64-Bit Server VM (25.152-b01 mixed mode windows-amd64 compressed oops)
Heap:
 PSYoungGen      total 383488K, used 148616K [0x00000000e0000000, 0x00000000fce80000, 0x0000000100000000)
  eden space 321536K, 37% used [0x00000000e0000000,0x00000000e772ca00,0x00000000f3a00000)
  from space 61952K, 42% used [0x00000000f3a00000,0x00000000f53f5618,0x00000000f7680000)
  to   space 58880K, 0% used [0x00000000f9500000,0x00000000f9500000,0x00000000fce80000)
 ParOldGen       total 329216K, used 112163K [0x00000000a0000000, 0x00000000b4180000, 0x00000000e0000000)
  object space 329216K, 34% used [0x00000000a0000000,0x00000000a6d88c90,0x00000000b4180000)
 Metaspace       used 98705K, capacity 103388K, committed 103704K, reserved 1138688K
  class space    used 12777K, capacity 13756K, committed 13872K, reserved 1048576K
GC Heap History (10 events):
Event: 1220.031 GC heap before
{Heap before GC invocations=21 (full 3):
 PSYoungGen      total 306688K, used 286991K [0x00000000e0000000, 0x00000000f6900000, 0x0000000100000000)
  eden space 270848K, 100% used [0x00000000e0000000,0x00000000f0880000,0x00000000f0880000)
  from space 35840K, 45% used [0x00000000f0880000,0x00000000f1843e08,0x00000000f2b80000)
  to   space 33792K, 0% used [0x00000000f4800000,0x00000000f4800000,0x00000000f6900000)
 ParOldGen       total 176640K, used 92400K [0x00000000a0000000, 0x00000000aac80000, 0x00000000e0000000)
  object space 176640K, 52% used [0x00000000a0000000,0x00000000a5a3c298,0x00000000aac80000)
 Metaspace       used 85565K, capacity 88856K, committed 88984K, reserved 1126400K
  class space    used 11059K, capacity 11826K, committed 11952K, reserved 1048576K
Event: 1220.068 GC heap after
Heap after GC invocations=21 (full 3):
 PSYoungGen      total 327168K, used 33780K [0x00000000e0000000, 0x00000000f7480000, 0x0000000100000000)
  eden space 293376K, 0% used [0x00000000e0000000,0x00000000e0000000,0x00000000f1e80000)
  from space 33792K, 99% used [0x00000000f4800000,0x00000000f68fd0d8,0x00000000f6900000)
  to   space 42496K, 0% used [0x00000000f1e80000,0x00000000f1e80000,0x00000000f4800000)
 ParOldGen       total 176640K, used 103175K [0x00000000a0000000, 0x00000000aac80000, 0x00000000e0000000)
  object space 176640K, 58% used [0x00000000a0000000,0x00000000a64c1d38,0x00000000aac80000)
 Metaspace       used 85565K, capacity 88856K, committed 88984K, reserved 1126400K
  class space    used 11059K, capacity 11826K, committed 11952K, reserved 1048576K
}
Event: 1222.772 GC heap before
{Heap before GC invocations=22 (full 3):
 PSYoungGen      total 327168K, used 278908K [0x00000000e0000000, 0x00000000f7480000, 0x0000000100000000)
  eden space 293376K, 83% used [0x00000000e0000000,0x00000000eef62308,0x00000000f1e80000)
  from space 33792K, 99% used [0x00000000f4800000,0x00000000f68fd0d8,0x00000000f6900000)
  to   space 42496K, 0% used [0x00000000f1e80000,0x00000000f1e80000,0x00000000f4800000)
 ParOldGen       total 176640K, used 103175K [0x00000000a0000000, 0x00000000aac80000, 0x00000000e0000000)
  object space 176640K, 58% used [0x00000000a0000000,0x00000000a64c1d38,0x00000000aac80000)
 Metaspace       used 94338K, capacity 98574K, committed 98600K, reserved 1134592K
  class space    used 12281K, capacity 13207K, committed 13232K, reserved 1048576K
Event: 1222.840 GC heap after
Heap after GC invocations=22 (full 3):
 PSYoungGen      total 335872K, used 42482K [0x00000000e0000000, 0x00000000fae80000, 0x0000000100000000)
  eden space 293376K, 0% used [0x00000000e0000000,0x00000000e0000000,0x00000000f1e80000)
  from space 42496K, 99% used [0x00000000f1e80000,0x00000000f47fcb98,0x00000000f4800000)
  to   space 57344K, 0% used [0x00000000f7680000,0x00000000f7680000,0x00000000fae80000)
 ParOldGen       total 176640K, used 125861K [0x00000000a0000000, 0x00000000aac80000, 0x00000000e0000000)
  object space 176640K, 71% used [0x00000000a0000000,0x00000000a7ae9428,0x00000000aac80000)
 Metaspace       used 94338K, capacity 98574K, committed 98600K, reserved 1134592K
  class space    used 12281K, capacity 13207K, committed 13232K, reserved 1048576K
}
Event: 1222.840 GC heap before
{Heap before GC invocations=23 (full 4):
 PSYoungGen      total 335872K, used 42482K [0x00000000e0000000, 0x00000000fae80000, 0x0000000100000000)
  eden space 293376K, 0% used [0x00000000e0000000,0x00000000e0000000,0x00000000f1e80000)
  from space 42496K, 99% used [0x00000000f1e80000,0x00000000f47fcb98,0x00000000f4800000)
  to   space 57344K, 0% used [0x00000000f7680000,0x00000000f7680000,0x00000000fae80000)
 ParOldGen       total 176640K, used 125861K [0x00000000a0000000, 0x00000000aac80000, 0x00000000e0000000)
  object space 176640K, 71% used [0x00000000a0000000,0x00000000a7ae9428,0x00000000aac80000)
 Metaspace       used 94338K, capacity 98574K, committed 98600K, reserved 1134592K
  class space    used 12281K, capacity 13207K, committed 13232K, reserved 1048576K
Event: 1223.212 GC heap after
Heap after GC invocations=23 (full 4):
 PSYoungGen      total 335872K, used 0K [0x00000000e0000000, 0x00000000fae80000, 0x0000000100000000)
  eden space 293376K, 0% used [0x00000000e0000000,0x00000000e0000000,0x00000000f1e80000)
  from space 42496K, 0% used [0x00000000f1e80000,0x00000000f1e80000,0x00000000f4800000)
  to   space 57344K, 0% used [0x00000000f7680000,0x00000000f7680000,0x00000000fae80000)
 ParOldGen       total 329216K, used 112147K [0x00000000a0000000, 0x00000000b4180000, 0x00000000e0000000)
  object space 329216K, 34% used [0x00000000a0000000,0x00000000a6d84c90,0x00000000b4180000)
 Metaspace       used 93976K, capacity 97588K, committed 98600K, reserved 1134592K
  class space    used 12155K, capacity 12986K, committed 13232K, reserved 1048576K
}
Event: 1227.707 GC heap before
{Heap before GC invocations=24 (full 4):
 PSYoungGen      total 335872K, used 293376K [0x00000000e0000000, 0x00000000fae80000, 0x0000000100000000)
  eden space 293376K, 100% used [0x00000000e0000000,0x00000000f1e80000,0x00000000f1e80000)
  from space 42496K, 0% used [0x00000000f1e80000,0x00000000f1e80000,0x00000000f4800000)
  to   space 57344K, 0% used [0x00000000f7680000,0x00000000f7680000,0x00000000fae80000)
 ParOldGen       total 329216K, used 112147K [0x00000000a0000000, 0x00000000b4180000, 0x00000000e0000000)
  object space 329216K, 34% used [0x00000000a0000000,0x00000000a6d84c90,0x00000000b4180000)
 Metaspace       used 96071K, capacity 100432K, committed 100632K, reserved 1136640K
  class space    used 12409K, capacity 13342K, committed 13360K, reserved 1048576K
Event: 1227.734 GC heap after
Heap after GC invocations=24 (full 4):
 PSYoungGen      total 378880K, used 45590K [0x00000000e0000000, 0x00000000fba00000, 0x0000000100000000)
  eden space 321536K, 0% used [0x00000000e0000000,0x00000000e0000000,0x00000000f3a00000)
  from space 57344K, 79% used [0x00000000f7680000,0x00000000fa305990,0x00000000fae80000)
  to   space 61952K, 0% used [0x00000000f3a00000,0x00000000f3a00000,0x00000000f7680000)
 ParOldGen       total 329216K, used 112155K [0x00000000a0000000, 0x00000000b4180000, 0x00000000e0000000)
  object space 329216K, 34% used [0x00000000a0000000,0x00000000a6d86c90,0x00000000b4180000)
 Metaspace       used 96071K, capacity 100432K, committed 100632K, reserved 1136640K
  class space    used 12409K, capacity 13342K, committed 13360K, reserved 1048576K
}
Event: 1229.276 GC heap before
{Heap before GC invocations=25 (full 4):
 PSYoungGen      total 378880K, used 367057K [0x00000000e0000000, 0x00000000fba00000, 0x0000000100000000)
  eden space 321536K, 99% used [0x00000000e0000000,0x00000000f39eea98,0x00000000f3a00000)
  from space 57344K, 79% used [0x00000000f7680000,0x00000000fa305990,0x00000000fae80000)
  to   space 61952K, 0% used [0x00000000f3a00000,0x00000000f3a00000,0x00000000f7680000)
 ParOldGen       total 329216K, used 112155K [0x00000000a0000000, 0x00000000b4180000, 0x00000000e0000000)
  object space 329216K, 34% used [0x00000000a0000000,0x00000000a6d86c90,0x00000000b4180000)
 Metaspace       used 97977K, capacity 102564K, committed 102808K, reserved 1138688K
  class space    used 12655K, capacity 13638K, committed 13744K, reserved 1048576K
Event: 1229.284 GC heap after
Heap after GC invocations=25 (full 4):
 PSYoungGen      total 383488K, used 26581K [0x00000000e0000000, 0x00000000fce80000, 0x0000000100000000)
  eden space 321536K, 0% used [0x00000000e0000000,0x00000000e0000000,0x00000000f3a00000)
  from space 61952K, 42% used [0x00000000f3a00000,0x00000000f53f5618,0x00000000f7680000)
  to   space 58880K, 0% used [0x00000000f9500000,0x00000000f9500000,0x00000000fce80000)
 ParOldGen       total 329216K, used 112163K [0x00000000a0000000, 0x00000000b4180000, 0x00000000e0000000)
  object space 329216K, 34% used [0x00000000a0000000,0x00000000a6d88c90,0x00000000b4180000)
 Metaspace       used 97977K, capacity 102564K, committed 102808K, reserved 1138688K
  class space    used 12655K, capacity 13638K, committed 13744K, reserved 1048576K
}

